#
# A fatal error has been detected by the Java Runtime Environment:
#
#  EXCEPTION_ACCESS_VIOLATION (0xc0000005) at pc=0x6273590f, pid=1440, tid=0x00000e80
#
# JRE version: Java(TM) SE Runtime Environment (8.0_112-b15) (build 1.8.0_112-b15)
# Java VM: Java HotSpot(TM) Client VM (25.112-b15 mixed mode windows-x86 )
# Problematic frame:
# V  [jvm.dll+0x9590f]
#
# Failed to write core dump. Minidumps are not enabled by default on client versions of Windows
#
# If you would like to submit a bug report, please visit:
#   http://bugreport.java.com/bugreport/crash.jsp
#

---------------  T H R E A D  ---------------

Current thread (0x14c7a400):  VMThread [stack: 0x00dd0000,0x00e20000] [id=3712]

siginfo: ExceptionCode=0xc0000005, reading address 0x00000074

Registers:
EAX=0x00000000, EBX=0x14ab0618, ECX=0x048921a8, EDX=0x0638f5c4
ESP=0x00e1f294, EBP=0x00e1f2a4, ESI=0x00baf7b0, EDI=0x04aa95f8
EIP=0x6273590f, EFLAGS=0x00010246

Top of Stack: (sp=0x00e1f294)
0x00e1f294:   00e1f450 0638f5b8 14ab0618 00baf7b0
0x00e1f2a4:   00e1f2c4 6275b76c 04aa95f8 0638f680
0x00e1f2b4:   0638f5a8 00e1f450 14ab04d0 14ab0620
0x00e1f2c4:   00e1f2e4 6274554f 0638f5a8 0638f5c4
0x00e1f2d4:   00baf7b0 00e1f450 00baf630 00bb0220
0x00e1f2e4:   00e1f2f8 6273413d 00e1f450 00baf630
0x00e1f2f4:   00000000 00e1f30c 6273853c 00e1f450
0x00e1f304:   00e1f404 00000000 00e1f528 62734567 

Instructions: (pc=0x6273590f)
0x627358ef:   83 e1 3f d3 e3 4a c1 f8 10 25 ff 00 00 00 03 da
0x627358ff:   03 d8 f7 d2 c1 eb 02 c1 ea 02 23 da eb 0a 8b 01
0x6273590f:   8b 50 74 57 ff d2 8b d8 8b 07 f6 d0 a8 01 8b 07
0x6273591f:   74 05 83 e0 fd 8b 00 c1 e8 03 83 e0 0f 3b 86 8c 


Register to memory mapping:

EAX=0x00000000 is an unknown value
EBX=0x14ab0618 is pointing into metadata
ECX=0x048921a8 is pointing into object: 0x04892198
java.util.HashMap 
 - klass: 'java/util/HashMap'
EDX=0x0638f5c4 is pointing into object: 0x0638f5a8
buildingOrderModule.simulator.ActionSequence 
 - klass: 'buildingOrderModule/simulator/ActionSequence'
ESP=0x00e1f294 is an unknown value
EBP=0x00e1f2a4 is an unknown value
ESI=0x00baf7b0 is an unknown value
EDI=
[error occurred during error reporting (printing register info), id 0xc0000005]

Stack: [0x00dd0000,0x00e20000],  sp=0x00e1f294,  free space=316k
Native frames: (J=compiled Java code, j=interpreted, Vv=VM code, C=native code)
V  [jvm.dll+0x9590f]
V  [jvm.dll+0xbb76c]
V  [jvm.dll+0xa554f]
V  [jvm.dll+0x9413d]
V  [jvm.dll+0x9853c]
V  [jvm.dll+0x94567]
V  [jvm.dll+0x991d3]
V  [jvm.dll+0x931b5]
V  [jvm.dll+0x1b8bf6]
V  [jvm.dll+0x182f5b]
V  [jvm.dll+0x182371]
V  [jvm.dll+0x182787]
V  [jvm.dll+0x182982]
V  [jvm.dll+0x1c2986]
C  [msvcr100.dll+0x5c556]
C  [msvcr100.dll+0x5c600]
C  [kernel32.dll+0x1338a]
C  [ntdll.dll+0x39902]
C  [ntdll.dll+0x398d5]

VM_Operation (0x00e7d7a8): GenCollectForAllocation, mode: safepoint, requested by thread 0x00b8cc00


---------------  P R O C E S S  ---------------

Java Threads: ( => current thread )
  0x14ce0000 JavaThread "Service Thread" daemon [_thread_blocked, id=4616, stack(0x154a0000,0x154f0000)]
  0x14cb7000 JavaThread "C1 CompilerThread0" daemon [_thread_blocked, id=3724, stack(0x153b0000,0x15400000)]
  0x14cb6000 JavaThread "Attach Listener" daemon [_thread_blocked, id=2860, stack(0x15240000,0x15290000)]
  0x14cbd800 JavaThread "Signal Dispatcher" daemon [_thread_blocked, id=5936, stack(0x151f0000,0x15240000)]
  0x14ca7800 JavaThread "Finalizer" daemon [_thread_blocked, id=4624, stack(0x00f90000,0x00fe0000)]
  0x14c81000 JavaThread "Reference Handler" daemon [_thread_blocked, id=5516, stack(0x15010000,0x15060000)]
  0x00b8cc00 JavaThread "main" [_thread_blocked, id=1692, stack(0x00e30000,0x00e80000)]

Other Threads:
=>0x14c7a400 VMThread [stack: 0x00dd0000,0x00e20000] [id=3712]
  0x14cf2400 WatcherThread [stack: 0x15680000,0x156d0000] [id=1688]

VM state:at safepoint (normal execution)

VM Mutex/Monitor currently owned by a thread:  ([mutex/lock_event])
[0x00b8af20] Threads_lock - owner thread: 0x14c7a400
[0x00b8b330] Heap_lock - owner thread: 0x00b8cc00

Heap:
 def new generation   total 25728K, used 22912K [0x04800000, 0x063e0000, 0x09d50000)
  eden space 22912K, 100% used [0x04800000, 0x05e60000, 0x05e60000)
  from space 2816K,   0% used [0x05e60000, 0x05e60000, 0x06120000)
  to   space 2816K,  88% used [0x06120000, 0x0638f680, 0x063e0000)
 tenured generation   total 57068K, used 34240K [0x09d50000, 0x0d50b000, 0x14800000)
   the space 57068K,  59% used [0x09d50000, 0x0bec0000, 0x0bec0000, 0x0d50b000)
 Metaspace       used 3129K, capacity 3190K, committed 3264K, reserved 4480K

Card table byte_map: [0x00ee0000,0x00f70000] byte_map_base: 0x00ebc000

Polling page: 0x00250000

CodeCache: size=32768Kb used=1019Kb max_used=1019Kb free=31748Kb
 bounds [0x02800000, 0x02900000, 0x04800000]
 total_blobs=407 nmethods=248 adapters=90
 compilation: enabled

Compilation events (10 events):
Event: 23.444 Thread 0x14cb7000  249             java.lang.String::substring (56 bytes)
Event: 23.444 Thread 0x14cb7000 nmethod 249 0x028fe148 code [0x028fe270, 0x028fe434]
Event: 23.648 Thread 0x14cb7000  250             javaGOAP.GoapAgent::getAssignedGoapUnit (5 bytes)
Event: 23.648 Thread 0x14cb7000 nmethod 250 0x028fe588 code [0x028fe680, 0x028fe700]
Event: 23.849 Thread 0x14cb7000  251             informationStorage.WorkerConfiguration::getMappedSourceContenders (5 bytes)
Event: 23.849 Thread 0x14cb7000 nmethod 251 0x028fe748 code [0x028fe840, 0x028fe8c0]
Event: 25.643 Thread 0x14cb7000  252             java.util.HashMap::containsKey (18 bytes)
Event: 25.643 Thread 0x14cb7000 nmethod 252 0x028fe908 code [0x028fea10, 0x028feb08]
Event: 27.250 Thread 0x14cb7000  254             java.lang.Math::max (11 bytes)
Event: 27.250 Thread 0x14cb7000 nmethod 254 0x028fee48 code [0x028fef40, 0x028fefb0]

GC Heap History (10 events):
Event: 5.969 GC heap after
Heap after GC invocations=2 (full 0):
 def new generation   total 4928K, used 512K [0x04800000, 0x04d50000, 0x09d50000)
  eden space 4416K,   0% used [0x04800000, 0x04800000, 0x04c50000)
  from space 512K, 100% used [0x04c50000, 0x04cd0000, 0x04cd0000)
  to   space 512K,   0% used [0x04cd0000, 0x04cd0000, 0x04d50000)
 tenured generation   total 10944K, used 6298K [0x09d50000, 0x0a800000, 0x14800000)
   the space 10944K,  57% used [0x09d50000, 0x0a3768c8, 0x0a376a00, 0x0a800000)
 Metaspace       used 2316K, capacity 2760K, committed 2880K, reserved 4480K
}
Event: 5.970 GC heap before
{Heap before GC invocations=2 (full 0):
 def new generation   total 4928K, used 4928K [0x04800000, 0x04d50000, 0x09d50000)
  eden space 4416K, 100% used [0x04800000, 0x04c50000, 0x04c50000)
  from space 512K, 100% used [0x04c50000, 0x04cd0000, 0x04cd0000)
  to   space 512K,   0% used [0x04cd0000, 0x04cd0000, 0x04d50000)
 tenured generation   total 10944K, used 6298K [0x09d50000, 0x0a800000, 0x14800000)
   the space 10944K,  57% used [0x09d50000, 0x0a3768c8, 0x0a376a00, 0x0a800000)
 Metaspace       used 2316K, capacity 2760K, committed 2880K, reserved 4480K
Event: 5.981 GC heap after
Heap after GC invocations=3 (full 0):
 def new generation   total 4928K, used 511K [0x04800000, 0x04d50000, 0x09d50000)
  eden space 4416K,   0% used [0x04800000, 0x04800000, 0x04c50000)
  from space 512K,  99% used [0x04cd0000, 0x04d4fff8, 0x04d50000)
  to   space 512K,   0% used [0x04c50000, 0x04c50000, 0x04cd0000)
 tenured generation   total 10944K, used 10713K [0x09d50000, 0x0a800000, 0x14800000)
   the space 10944K,  97% used [0x09d50000, 0x0a7c6458, 0x0a7c6600, 0x0a800000)
 Metaspace       used 2316K, capacity 2760K, committed 2880K, reserved 4480K
}
Event: 5.982 GC heap before
{Heap before GC invocations=3 (full 0):
 def new generation   total 4928K, used 4927K [0x04800000, 0x04d50000, 0x09d50000)
  eden space 4416K, 100% used [0x04800000, 0x04c50000, 0x04c50000)
  from space 512K,  99% used [0x04cd0000, 0x04d4fff8, 0x04d50000)
  to   space 512K,   0% used [0x04c50000, 0x04c50000, 0x04cd0000)
 tenured generation   total 10944K, used 10713K [0x09d50000, 0x0a800000, 0x14800000)
   the space 10944K,  97% used [0x09d50000, 0x0a7c6458, 0x0a7c6600, 0x0a800000)
 Metaspace       used 2316K, capacity 2760K, committed 2880K, reserved 4480K
Event: 6.022 GC heap after
Heap after GC invocations=4 (full 1):
 def new generation   total 11456K, used 472K [0x04800000, 0x05460000, 0x09d50000)
  eden space 10240K,   4% used [0x04800000, 0x04876000, 0x05200000)
  from space 1216K,   0% used [0x05200000, 0x05200000, 0x05330000)
  to   space 1216K,   0% used [0x05330000, 0x05330000, 0x05460000)
 tenured generation   total 25280K, used 15168K [0x09d50000, 0x0b600000, 0x14800000)
   the space 25280K,  60% used [0x09d50000, 0x0ac20000, 0x0ac20000, 0x0b600000)
 Metaspace       used 2316K, capacity 2760K, committed 2880K, reserved 4480K
}
Event: 6.028 GC heap before
{Heap before GC invocations=4 (full 1):
 def new generation   total 11456K, used 10240K [0x04800000, 0x05460000, 0x09d50000)
  eden space 10240K, 100% used [0x04800000, 0x05200000, 0x05200000)
  from space 1216K,   0% used [0x05200000, 0x05200000, 0x05330000)
  to   space 1216K,   0% used [0x05330000, 0x05330000, 0x05460000)
 tenured generation   total 25280K, used 15168K [0x09d50000, 0x0b600000, 0x14800000)
   the space 25280K,  60% used [0x09d50000, 0x0ac20000, 0x0ac20000, 0x0b600000)
 Metaspace       used 2321K, capacity 2760K, committed 2880K, reserved 4480K
Event: 6.056 GC heap after
Heap after GC invocations=5 (full 1):
 def new generation   total 11456K, used 1216K [0x04800000, 0x05460000, 0x09d50000)
  eden space 10240K,   0% used [0x04800000, 0x04800000, 0x05200000)
  from space 1216K, 100% used [0x05330000, 0x05460000, 0x05460000)
  to   space 1216K,   0% used [0x05200000, 0x05200000, 0x05330000)
 tenured generation   total 25280K, used 23967K [0x09d50000, 0x0b600000, 0x14800000)
   the space 25280K,  94% used [0x09d50000, 0x0b4b7d30, 0x0b4b7e00, 0x0b600000)
 Metaspace       used 2321K, capacity 2760K, committed 2880K, reserved 4480K
}
Event: 6.060 GC heap before
{Heap before GC invocations=5 (full 1):
 def new generation   total 11456K, used 11456K [0x04800000, 0x05460000, 0x09d50000)
  eden space 10240K, 100% used [0x04800000, 0x05200000, 0x05200000)
  from space 1216K, 100% used [0x05330000, 0x05460000, 0x05460000)
  to   space 1216K,   0% used [0x05200000, 0x05200000, 0x05330000)
 tenured generation   total 25280K, used 23967K [0x09d50000, 0x0b600000, 0x14800000)
   the space 25280K,  94% used [0x09d50000, 0x0b4b7d30, 0x0b4b7e00, 0x0b600000)
 Metaspace       used 2321K, capacity 2760K, committed 2880K, reserved 4480K
Event: 6.153 GC heap after
Heap after GC invocations=6 (full 2):
 def new generation   total 25728K, used 1181K [0x04800000, 0x063e0000, 0x09d50000)
  eden space 22912K,   5% used [0x04800000, 0x04927588, 0x05e60000)
  from space 2816K,   0% used [0x05e60000, 0x05e60000, 0x06120000)
  to   space 2816K,   0% used [0x06120000, 0x06120000, 0x063e0000)
 tenured generation   total 57068K, used 34240K [0x09d50000, 0x0d50b000, 0x14800000)
   the space 57068K,  59% used [0x09d50000, 0x0bec0000, 0x0bec0000, 0x0d50b000)
 Metaspace       used 2321K, capacity 2760K, committed 2880K, reserved 4480K
}
Event: 27.250 GC heap before
{Heap before GC invocations=6 (full 2):
 def new generation   total 25728K, used 22912K [0x04800000, 0x063e0000, 0x09d50000)
  eden space 22912K, 100% used [0x04800000, 0x05e60000, 0x05e60000)
  from space 2816K,   0% used [0x05e60000, 0x05e60000, 0x06120000)
  to   space 2816K,   0% used [0x06120000, 0x06120000, 0x063e0000)
 tenured generation   total 57068K, used 34240K [0x09d50000, 0x0d50b000, 0x14800000)
   the space 57068K,  59% used [0x09d50000, 0x0bec0000, 0x0bec0000, 0x0d50b000)
 Metaspace       used 3129K, capacity 3190K, committed 3264K, reserved 4480K

Deoptimization events (0 events):
No events

Internal exceptions (10 events):
Event: 6.381 Thread 0x00b8cc00 Exception <a 'java/lang/ClassCastException': buildingOrderModule.stateFactories.actions.executableActions.actionQueues.ActionQueueSimulationResults cannot be cast to buildingOrderModule.simulator.ActionType> (0x04c0b178) thrown at [C:\re\workspace\8-2-bui
Event: 6.381 Thread 0x00b8cc00 Exception <a 'java/lang/ClassCastException': buildingOrderModule.stateFactories.actions.executableActions.actionQueues.ActionQueueStartingTerranRaxFE cannot be cast to buildingOrderModule.simulator.ActionType> (0x04c0b4e0) thrown at [C:\re\workspace\8-2-b
Event: 6.381 Thread 0x00b8cc00 Exception <a 'java/lang/ClassCastException': buildingOrderModule.stateFactories.actions.executableActions.actionQueues.ActionQueueSimulationResults cannot be cast to buildingOrderModule.simulator.ActionType> (0x04c0c118) thrown at [C:\re\workspace\8-2-bui
Event: 6.381 Thread 0x00b8cc00 Exception <a 'java/lang/ClassCastException': buildingOrderModule.stateFactories.actions.executableActions.actionQueues.ActionQueueStartingTerranRaxFE cannot be cast to buildingOrderModule.simulator.ActionType> (0x04c0c480) thrown at [C:\re\workspace\8-2-b
Event: 6.400 Thread 0x00b8cc00 Exception <a 'java/security/PrivilegedActionException'> (0x04cf0858) thrown at [C:\re\workspace\8-2-build-windows-i586-cygwin\jdk8u112\7884\hotspot\src\share\vm\prims\jvm.cpp, line 1390]
Event: 6.400 Thread 0x00b8cc00 Exception <a 'java/security/PrivilegedActionException'> (0x04cf0c38) thrown at [C:\re\workspace\8-2-build-windows-i586-cygwin\jdk8u112\7884\hotspot\src\share\vm\prims\jvm.cpp, line 1390]
Event: 6.401 Thread 0x00b8cc00 Exception <a 'java/security/PrivilegedActionException'> (0x04cf4c50) thrown at [C:\re\workspace\8-2-build-windows-i586-cygwin\jdk8u112\7884\hotspot\src\share\vm\prims\jvm.cpp, line 1390]
Event: 6.401 Thread 0x00b8cc00 Exception <a 'java/security/PrivilegedActionException'> (0x04cf5030) thrown at [C:\re\workspace\8-2-build-windows-i586-cygwin\jdk8u112\7884\hotspot\src\share\vm\prims\jvm.cpp, line 1390]
Event: 6.448 Thread 0x00b8cc00 Exception <a 'java/lang/ClassCastException': buildingOrderModule.stateFactories.actions.executableActions.actionQueues.ActionQueueSimulationResults cannot be cast to buildingOrderModule.simulator.ActionType> (0x04e45fa0) thrown at [C:\re\workspace\8-2-bui
Event: 6.448 Thread 0x00b8cc00 Exception <a 'java/lang/ClassCastException': buildingOrderModule.stateFactories.actions.executableActions.actionQueues.ActionQueueStartingTerranRaxFE cannot be cast to buildingOrderModule.simulator.ActionType> (0x04e46308) thrown at [C:\re\workspace\8-2-b

Events (10 events):
Event: 6.451 Executing VM operation: RevokeBias
Event: 6.451 Executing VM operation: RevokeBias done
Event: 6.451 Thread 0x181f6000 Thread exited: 0x181f6000
Event: 8.638 Thread 0x14cb7000 flushing nmethod 0x028b3388
Event: 8.638 Thread 0x14cb7000 flushing nmethod 0x028b3748
Event: 8.638 Thread 0x14cb7000 flushing nmethod 0x028b45c8
Event: 8.638 Thread 0x14cb7000 flushing nmethod 0x028b4848
Event: 8.638 Thread 0x14cb7000 flushing nmethod 0x028b4a88
Event: 8.840 Thread 0x14cb7000 flushing nmethod 0x028c10c8
Event: 27.250 Executing VM operation: GenCollectForAllocation


Dynamic libraries:
0x010f0000 - 0x01123000 	C:\Program Files (x86)\Java\jre1.8.0_112\bin\javaw.exe
0x77980000 - 0x77b00000 	C:\Windows\SysWOW64\ntdll.dll
0x75ba0000 - 0x75cb0000 	C:\Windows\syswow64\kernel32.dll
0x76300000 - 0x76347000 	C:\Windows\syswow64\KERNELBASE.dll
0x75340000 - 0x753e1000 	C:\Windows\syswow64\ADVAPI32.dll
0x76880000 - 0x7692c000 	C:\Windows\syswow64\msvcrt.dll
0x76030000 - 0x76049000 	C:\Windows\SysWOW64\sechost.dll
0x76680000 - 0x76770000 	C:\Windows\syswow64\RPCRT4.dll
0x75290000 - 0x752f0000 	C:\Windows\syswow64\SspiCli.dll
0x75280000 - 0x7528c000 	C:\Windows\syswow64\CRYPTBASE.dll
0x76780000 - 0x76880000 	C:\Windows\syswow64\USER32.dll
0x760e0000 - 0x76170000 	C:\Windows\syswow64\GDI32.dll
0x75400000 - 0x7540a000 	C:\Windows\syswow64\LPK.dll
0x76350000 - 0x763ed000 	C:\Windows\syswow64\USP10.dll
0x6d570000 - 0x6d70e000 	C:\Windows\WinSxS\x86_microsoft.windows.common-controls_6595b64144ccf1df_6.0.7601.18837_none_41e855142bd5705d\COMCTL32.dll
0x755d0000 - 0x75627000 	C:\Windows\syswow64\SHLWAPI.dll
0x75b40000 - 0x75ba0000 	C:\Windows\system32\IMM32.DLL
0x75f60000 - 0x7602c000 	C:\Windows\syswow64\MSCTF.dll
0x55dc0000 - 0x55e7f000 	C:\Program Files (x86)\Java\jre1.8.0_112\bin\msvcr100.dll
0x626a0000 - 0x62a6e000 	C:\Program Files (x86)\Java\jre1.8.0_112\bin\client\jvm.dll
0x74650000 - 0x74657000 	C:\Windows\system32\WSOCK32.dll
0x75630000 - 0x75665000 	C:\Windows\syswow64\WS2_32.dll
0x75300000 - 0x75306000 	C:\Windows\syswow64\NSI.dll
0x6c670000 - 0x6c6a2000 	C:\Windows\system32\WINMM.dll
0x74f50000 - 0x74f59000 	C:\Windows\system32\VERSION.dll
0x752f0000 - 0x752f5000 	C:\Windows\syswow64\PSAPI.DLL
0x63600000 - 0x6360c000 	C:\Program Files (x86)\Java\jre1.8.0_112\bin\verify.dll
0x635d0000 - 0x635f1000 	C:\Program Files (x86)\Java\jre1.8.0_112\bin\java.dll
0x625c0000 - 0x625d3000 	C:\Program Files (x86)\Java\jre1.8.0_112\bin\zip.dll
0x76930000 - 0x7757b000 	C:\Windows\syswow64\SHELL32.dll
0x75470000 - 0x755cd000 	C:\Windows\syswow64\ole32.dll
0x75ef0000 - 0x75efb000 	C:\Windows\syswow64\profapi.dll
0x52300000 - 0x52586000 	F:\Eigene Skripte u. Programme\Java\Eclipse\SSCAIT - Bot\new Workspace after git fuckup\git Repository\CBot\bwapi_bridge2_5.dll
0x6acc0000 - 0x6ad27000 	F:\Eigene Skripte u. Programme\Java\Eclipse\SSCAIT - Bot\new Workspace after git fuckup\git Repository\CBot\libgmp-10.dll
0x6f540000 - 0x6f59e000 	F:\Eigene Skripte u. Programme\Java\Eclipse\SSCAIT - Bot\new Workspace after git fuckup\git Repository\CBot\libmpfr-4.dll
0x636a0000 - 0x63711000 	C:\Program Files (x86)\Java\jre1.8.0_112\bin\MSVCP120.dll
0x52730000 - 0x5281e000 	C:\Program Files (x86)\Java\jre1.8.0_112\bin\MSVCR120.dll
0x74bd0000 - 0x74cbb000 	C:\Windows\system32\dbghelp.dll

VM Arguments:
jvm_args: -Dfile.encoding=Cp1252 
java_command: core.Main
java_class_path (initial): F:\Eigene Skripte u. Programme\Java\Eclipse\SSCAIT - Bot\new Workspace after git fuckup\git Repository\CBot\bin;F:\Eigene Skripte u. Programme\Java\Eclipse\SSCAIT - Bot\new Workspace after git fuckup\git Repository\CBot\lib\bwmirror_v2_5.jar;F:\Eigene Skripte u. Programme\Java\Eclipse\SSCAIT - Bot\new Workspace after git fuckup\git Repository\CBot\lib\javaGOAP.jar;C:\Users\Philip\Desktop\Nützliches, Tools\eclipse 32 bit\plugins\org.junit_4.12.0.v201504281640\junit.jar;C:\Users\Philip\Desktop\Nützliches, Tools\eclipse 32 bit\plugins\org.hamcrest.core_1.3.0.v201303031735.jar
Launcher Type: SUN_STANDARD

Environment Variables:
PATH=C:/Program Files (x86)/Java/jre1.8.0_112/bin/client;C:/Program Files (x86)/Java/jre1.8.0_112/bin;C:/Program Files (x86)/Java/jre1.8.0_112/lib/i386;C:\Program Files (x86)\NVIDIA Corporation\PhysX\Common;C:\Program Files\Common Files\Microsoft Shared\Windows Live;C:\ProgramData\Oracle\Java\javapath;C:\Program Files (x86)\AMD APP\bin\x86_64;C:\Program Files (x86)\AMD APP\bin\x86;C:\Windows\system32;C:\Windows;C:\Windows\System32\Wbem;C:\Windows\System32\WindowsPowerShell\v1.0\;C:\Program Files (x86)\ATI Technologies\ATI.ACE\Core-Static;C:\Program Files (x86)\AMD\ATI.ACE\Core-Static;C:\Program Files\Microsoft SQL Server\110\Tools\Binn\;C:\Program Files\Microsoft SQL Server\120\Tools\Binn\;C:\Program Files (x86)\Skype\Phone\;C:\Program Files\MATLAB\R2016a\bin;C:\Program Files (x86)\Brackets\command;C:\Program Files (x86)\nodejs\;C:\Program Files\Microsoft SQL Server\130\Tools\Binn\;C:\Program Files (x86)\MiKTeX 2.9\miktex\bin\;C:\Program Files (x86)\LyX 2.2\Perl\bin;C:\Program Files\Git\cmd;C:\Program Files\MySQL\MySQL Utilities 1.6\;C:\Users\Philip\Anaconda2;C:\Users\Philip\Anaconda2\Scripts;C:\Users\Philip\Anaconda2\Library\bin;C:\Program Files (x86)\Common Files\Microsoft Shared\Windows Live;C:\Program Files (x86)\Microsoft VS Code\bin;C:\xampp\php;C:\Users\Philip\AppData\Roaming\npm;C:\Users\Philip\AppData\Local\atom\bin;C:\Users\Philip\Desktop\Nützliches, Tools\cURL;C:\Users\Philip\Desktop\Nützliches, Tools\eclipse 32 bit;
USERNAME=Philip
OS=Windows_NT
PROCESSOR_IDENTIFIER=AMD64 Family 21 Model 2 Stepping 0, AuthenticAMD



---------------  S Y S T E M  ---------------

OS: Windows 7 , 64 bit Build 7601 (6.1.7601.23418)

CPU:total 4 (4 cores per cpu, 1 threads per core) family 21 model 2 stepping 0, cmov, cx8, fxsr, mmx, sse, sse2, sse3, ssse3, sse4.1, sse4.2, popcnt, avx, aes, clmul, mmxext, 3dnowpref, lzcnt, sse4a, tsc, tscinvbit, tscinv, bmi1

Memory: 4k page, physical 8336880k(5072288k free), swap 11592536k(7839108k free)

vm_info: Java HotSpot(TM) Client VM (25.112-b15) for windows-x86 JRE (1.8.0_112-b15), built on Sep 22 2016 21:03:20 by "java_re" with MS VC++ 10.0 (VS2010)

time: Tue Jul 25 07:28:44 2017
elapsed time: 27 seconds (0d 0h 0m 27s)

